<?xml version="1.0" encoding="UTF-8"?>
<testng-results skipped="0" failed="0" ignored="0" total="1" passed="1">
  <reporter-output>
  </reporter-output>
  <suite name="Default suite" duration-ms="6276" started-at="2022-03-28T23:40:52 EDT" finished-at="2022-03-28T23:40:58 EDT">
    <groups>
    </groups>
    <test name="Default test" duration-ms="6276" started-at="2022-03-28T23:40:52 EDT" finished-at="2022-03-28T23:40:58 EDT">
      <class name="test.Logintest">
        <test-method status="PASS" signature="usershouldbeabletologin()[pri:0, instance:test.Logintest@1e800aaa]" name="usershouldbeabletologin" duration-ms="6227" started-at="2022-03-28T23:40:52 EDT" finished-at="2022-03-28T23:40:58 EDT">
          <reporter-output>
          </reporter-output>
        </test-method> <!-- usershouldbeabletologin -->
      </class> <!-- test.Logintest -->
    </test> <!-- Default test -->
  </suite> <!-- Default suite -->
</testng-results>
